----------
Besouro Azul [1] - 14 anos - Ação
As Tartarugas Ninja: Caos Mutante [2] - 10 anos - Animação
Barbie [3] - 12 anos - Comédia
O Porteiro [4] - 14 anos - Comédia
Oppenheimer [5] - 16 anos - Drama
Presos na Floresta - Fuja se For Capaz [6] - 14 anos - Suspense
Drácula: a Última Viagem de Demeter [7] - 16 anos - Terror
Golda: a Mulher de Uma Nação [8] - 14 anos - Drama
Toc Toc Toc: Ecos do Além [9] - 16 anos - Terror
Fale Comigo [10] - 16 anos - Terror
Gran Turismo - de Jogador a Corredor [11] - 12 anos - Ação
A Chamada [12] - 14 anos - Ação
Asteroid City [13] - 14 anos - Dramas
----------
A Chamada [12] - 14 anos - Ação
As Tartarugas Ninja: Caos Mutante [2] - 10 anos - Animação
Asteroid City [13] - 14 anos - Dramas
Barbie [3] - 12 anos - Comédia
Besouro Azul [1] - 14 anos - Ação
Drácula: a Última Viagem de Demeter [7] - 16 anos - Terror
Fale Comigo [10] - 16 anos - Terror
Golda: a Mulher de Uma Nação [8] - 14 anos - Drama
Gran Turismo - de Jogador a Corredor [11] - 12 anos - Ação
O Porteiro [4] - 14 anos - Comédia
Oppenheimer [5] - 16 anos - Drama
Presos na Floresta - Fuja se For Capaz [6] - 14 anos - Suspense
Toc Toc Toc: Ecos do Além [9] - 16 anos - Terror
----------
GNC Praia de Belas [1]
Rua Praia de Belas, 1181 - Loja 3038 - Terceiro Piso - Bairro Menino Deus - Porto Alegre - RS
Cinema(s): 6

GNC Iguatemi [2]
Avenida João Wallig, 1800 - Bairro Passo da Areia - Porto Alegre - RS
Cinema(s): 6

GNC Moinhos [3]
Rua Olavo Barreto Viana, 36 - 4º Andar - Bairro Moinhos de Vento - Porto Alegre - RS
Cinema(s): 4

GNC Lindóia [4]
Avenida Assis Brasil, 3522 - Lojas 301/302 - Bairro Jardim Lindóia - Porto Alegre - RS
Cinema(s): 2

----------
GNC Iguatemi [2]
Avenida João Wallig, 1800 - Bairro Passo da Areia - Porto Alegre - RS
Cinema(s): 6

GNC Lindóia [4]
Avenida Assis Brasil, 3522 - Lojas 301/302 - Bairro Jardim Lindóia - Porto Alegre - RS
Cinema(s): 2

GNC Moinhos [3]
Rua Olavo Barreto Viana, 36 - 4º Andar - Bairro Moinhos de Vento - Porto Alegre - RS
Cinema(s): 4

GNC Praia de Belas [1]
Rua Praia de Belas, 1181 - Loja 3038 - Terceiro Piso - Bairro Menino Deus - Porto Alegre - RS
Cinema(s): 6

----------
