----------
Besouro Azul [1] - 14 anos - Ação
As Tartarugas Ninja: Caos Mutante [2] - 10 anos - Animação
Barbie [3] - 12 anos - Comédia
O Porteiro [4] - 14 anos - Comédia
Oppenheimer [5] - 16 anos - Drama
Presos na Floresta - Fuja se For Capaz [6] - 14 anos - Suspense
Drácula: a Última Viagem de Demeter [7] - 16 anos - Terror
Golda: a Mulher de Uma Nação [8] - 14 anos - Drama
Toc Toc Toc: Ecos do Além [9] - 16 anos - Terror
Fale Comigo [10] - 16 anos - Terror
Gran Turismo - de Jogador a Corredor [11] - 12 anos - Ação
A Chamada [12] - 14 anos - Ação
Asteroid City [13] - 14 anos - Dramas
----------
A Chamada [12] - 14 anos - Ação
As Tartarugas Ninja: Caos Mutante [2] - 10 anos - Animação
Asteroid City [13] - 14 anos - Dramas
Barbie [3] - 12 anos - Comédia
Besouro Azul [1] - 14 anos - Ação
Drácula: a Última Viagem de Demeter [7] - 16 anos - Terror
Fale Comigo [10] - 16 anos - Terror
Golda: a Mulher de Uma Nação [8] - 14 anos - Drama
Gran Turismo - de Jogador a Corredor [11] - 12 anos - Ação
O Porteiro [4] - 14 anos - Comédia
Oppenheimer [5] - 16 anos - Drama
Presos na Floresta - Fuja se For Capaz [6] - 14 anos - Suspense
Toc Toc Toc: Ecos do Além [9] - 16 anos - Terror
----------
GNC Praia de Belas [1]
Rua Praia de Belas, 1181 - Loja 3038 - Terceiro Piso - Bairro Menino Deus - Porto Alegre - RS
Cinema(s): 6

GNC Iguatemi [2]
Avenida João Wallig, 1800 - Bairro Passo da Areia - Porto Alegre - RS
Cinema(s): 6

GNC Moinhos [3]
Rua Olavo Barreto Viana, 36 - 4º Andar - Bairro Moinhos de Vento - Porto Alegre - RS
Cinema(s): 4

GNC Lindóia [4]
Avenida Assis Brasil, 3522 - Lojas 301/302 - Bairro Jardim Lindóia - Porto Alegre - RS
Cinema(s): 2

----------
GNC Iguatemi [2]
Avenida João Wallig, 1800 - Bairro Passo da Areia - Porto Alegre - RS
Cinema(s): 6

GNC Lindóia [4]
Avenida Assis Brasil, 3522 - Lojas 301/302 - Bairro Jardim Lindóia - Porto Alegre - RS
Cinema(s): 2

GNC Moinhos [3]
Rua Olavo Barreto Viana, 36 - 4º Andar - Bairro Moinhos de Vento - Porto Alegre - RS
Cinema(s): 4

GNC Praia de Belas [1]
Rua Praia de Belas, 1181 - Loja 3038 - Terceiro Piso - Bairro Menino Deus - Porto Alegre - RS
Cinema(s): 6

----------
GNC Iguatemi

Sala 1: Oppenheimer | 20:45 | LEG | [16] | Drama
Sala 1: Barbie | 16:10 | DUB | [12] | Comédia
Sala 1: O Porteiro | 14:10 18:50 | NAC | [14] | Comédia
Sala 2: Golda: a Mulher de Uma Nação | 17:40 22:00 | LEG | [14] | Drama
Sala 2: O Porteiro | 15:35 | NAC | [14] | Comédia
Sala 2: As Tartarugas Ninja: Caos Mutante | 20:00 | LEG | [10] | Animação
Sala 2: Drácula: a Última Viagem de Demeter | 13:15 | LEG | [16] | Terror
Sala 3: Fale Comigo | 19:45 | LEG | [16] | Terror
Sala 3: Toc Toc Toc: Ecos do Além | 13:50 17:50 | DUB | [16] | Terror
Sala 3: Toc Toc Toc: Ecos do Além | 21:50 | LEG | [16] | Terror
Sala 3: Fale Comigo | 15:50 | DUB | [16] | Terror
Sala 4: Besouro Azul | 13:30 18:40 | DUB | [14] | Ação
Sala 4: Besouro Azul | 16:00 21:25 | LEG | [14] | Ação
Sala 5: As Tartarugas Ninja: Caos Mutante | 21:10 | LEG | [10] | Animação
Sala 5: As Tartarugas Ninja: Caos Mutante | 14:20 | 3D DUB | [10] | Animação
Sala 5: As Tartarugas Ninja: Caos Mutante | 16:40 19:00 | DUB | [10] | Animação
Sala 6: Gran Turismo - de Jogador a Corredor | 21:40 | LEG | [12] | Ação
Sala 6: Barbie | 19:15 | LEG | [12] | Comédia
Sala 6: Gran Turismo - de Jogador a Corredor | 13:40 16:20 | DUB | [12] | Ação

GNC Lindóia


GNC Moinhos

Sala 1: A Chamada | 14:45 21:20 | LEG | [14] | Ação
Sala 1: Asteroid City | 17:00 19:15 | LEG | [14] | Dramas
Sala 2: Oppenheimer | 14:00 17:20 20:45 | LEG | [16] | Drama
Sala 3: Barbie | 14:15 16:30 18:45 21:00 | LEG | [12] | Comédia
Sala 4: Golda: a Mulher de Uma Nação | 14:30 16:45 19:00 21:30 | LEG | [14] | Drama

GNC Praia de Belas

Sala 1: Besouro Azul | 14:10 16:45 19:15 | DUB | [14] | Ação
Sala 1: Besouro Azul | 21:45 | LEG | [14] | Ação
Sala 2: As Tartarugas Ninja: Caos Mutante | 14:25 | 3D DUB | [10] | Animação
Sala 2: As Tartarugas Ninja: Caos Mutante | 16:30 18:40 | DUB | [10] | Animação
Sala 2: As Tartarugas Ninja: Caos Mutante | 21:00 | LEG | [10] | Animação
Sala 3: Barbie | 16:10 | DUB | [12] | Comédia
Sala 3: O Porteiro | 14:00 18:50 | NAC | [14] | Comédia
Sala 3: Oppenheimer | 20:45 | LEG | [16] | Drama
Sala 4: Presos na Floresta - Fuja se For Capaz | 20:00 | DUB | [14] | Suspense
Sala 4: Drácula: a Última Viagem de Demeter | 13:20 | DUB | [16] | Terror
Sala 4: Presos na Floresta - Fuja se For Capaz | 15:40 | LEG | [14] | Suspense
Sala 4: Drácula: a Última Viagem de Demeter | 17:40 | LEG | [16] | Terror
Sala 4: Golda: a Mulher de Uma Nação | 22:00 | LEG | [14] | Drama
Sala 5: Toc Toc Toc: Ecos do Além | 13:45 21:50 | DUB | [16] | Terror
Sala 5: Toc Toc Toc: Ecos do Além | 17:50 | LEG | [16] | Terror
Sala 5: Fale Comigo | 19:50 | DUB | [16] | Terror
Sala 5: Fale Comigo | 15:50 | LEG | [16] | Terror
Sala 6: Golda: a Mulher de Uma Nação | 16:20 | LEG | [14] | Drama
Sala 6: Gran Turismo - de Jogador a Corredor | 19:00 | DUB | [12] | Ação
Sala 6: Gran Turismo - de Jogador a Corredor | 13:30 | LEG | [12] | Ação
Sala 6: Barbie | 21:40 | LEG | [12] | Comédia

----------
